wlan0: interface state UNINITIALIZED->COUNTRY_UPDATE
wlan0: interface state COUNTRY_UPDATE->HT_SCAN
wlan0: interface state HT_SCAN->ENABLED
wlan0: AP-ENABLED 
wlan0: STA dc:56:7b:1d:3f:99 IEEE 802.11: associated
wlan0: AP-STA-CONNECTED dc:56:7b:1d:3f:99
wlan0: STA dc:56:7b:1d:3f:99 RADIUS: starting accounting session 664A7E18F2508B73
wlan0: STA dc:56:7b:1d:3f:99 WPA: pairwise key handshake completed (RSN)
wlan0: EAPOL-4WAY-HS-COMPLETED dc:56:7b:1d:3f:99
wlan0: STA 1a:00:9d:58:46:6f IEEE 802.11: associated
wlan0: AP-STA-CONNECTED 1a:00:9d:58:46:6f
wlan0: STA 1a:00:9d:58:46:6f RADIUS: starting accounting session 9567107260127284
wlan0: STA 1a:00:9d:58:46:6f WPA: pairwise key handshake completed (RSN)
wlan0: EAPOL-4WAY-HS-COMPLETED 1a:00:9d:58:46:6f
wlan0: STA 1a:00:9d:58:46:6f IEEE 802.11: disassociated
wlan0: AP-STA-DISCONNECTED 1a:00:9d:58:46:6f
wlan0: STA 1a:00:9d:58:46:6f IEEE 802.11: disassociated
wlan0: STA 1a:00:9d:58:46:6f IEEE 802.11: associated
wlan0: AP-STA-CONNECTED 1a:00:9d:58:46:6f
wlan0: STA 1a:00:9d:58:46:6f RADIUS: starting accounting session 667D3A3D94E38B5E
wlan0: STA 1a:00:9d:58:46:6f WPA: pairwise key handshake completed (RSN)
wlan0: EAPOL-4WAY-HS-COMPLETED 1a:00:9d:58:46:6f
wlan0: STA 1a:00:9d:58:46:6f IEEE 802.11: disassociated
wlan0: AP-STA-DISCONNECTED 1a:00:9d:58:46:6f
wlan0: STA 1a:00:9d:58:46:6f IEEE 802.11: disassociated
wlan0: STA 1a:00:9d:58:46:6f IEEE 802.11: associated
wlan0: AP-STA-CONNECTED 1a:00:9d:58:46:6f
wlan0: STA 1a:00:9d:58:46:6f RADIUS: starting accounting session A6AE139F787DA744
wlan0: STA 1a:00:9d:58:46:6f WPA: pairwise key handshake completed (RSN)
wlan0: EAPOL-4WAY-HS-COMPLETED 1a:00:9d:58:46:6f
wlan0: STA 1a:00:9d:58:46:6f IEEE 802.11: disassociated
wlan0: AP-STA-DISCONNECTED 1a:00:9d:58:46:6f
wlan0: STA 1a:00:9d:58:46:6f IEEE 802.11: disassociated
wlan0: STA dc:56:7b:1d:3f:99 IEEE 802.11: disassociated
wlan0: AP-STA-DISCONNECTED dc:56:7b:1d:3f:99
wlan0: STA dc:56:7b:1d:3f:99 IEEE 802.11: disassociated
wlan0: interface state ENABLED->DISABLED
wlan0: AP-DISABLED 
wlan0: CTRL-EVENT-TERMINATING 
nl80211: deinit ifname=wlan0 disabled_11b_rates=0
